{
  "stats": {
    "suites": 3,
    "tests": 14,
    "passes": 13,
    "pending": 0,
    "failures": 1,
    "start": "2023-10-08T21:35:38.708Z",
    "end": "2023-10-08T21:37:23.639Z",
    "duration": 104931,
    "testsRegistered": 14,
    "passPercent": 92.85714285714286,
    "pendingPercent": 0,
    "other": 0,
    "hasOther": false,
    "skipped": 0,
    "hasSkipped": false
  },
  "results": [
    {
      "uuid": "0113aac2-9b92-4ec5-8b5a-72964d18f82d",
      "title": "",
      "fullFile": "",
      "file": "",
      "beforeHooks": [],
      "afterHooks": [],
      "tests": [],
      "suites": [
        {
          "uuid": "d7e96980-dfcb-4763-84e7-5b3372b86f70",
          "title": "Search page tests",
          "fullFile": "C:\\Users\\KristinaPC\\Stuff\\Booking\\test\\search-tests.js",
          "file": "\\test\\search-tests.js",
          "beforeHooks": [
            {
              "title": "\"before each\" hook in \"Search page tests\"",
              "fullTitle": "Search page tests \"before each\" hook in \"Search page tests\"",
              "timedOut": null,
              "duration": 4984,
              "state": null,
              "speed": null,
              "pass": false,
              "fail": false,
              "pending": null,
              "context": null,
              "code": "driver = await new Builder().forBrowser('chrome').build()\nawait driver.get('https://www.booking.com/')\nconst cookies = By.id('onetrust-reject-all-handler')\nawait driver.wait(until.elementLocated(cookies), timeout).click()",
              "err": {},
              "uuid": "a0432597-870f-48ff-a1cf-df2a00841da7",
              "parentUUID": null,
              "isHook": true,
              "skipped": false
            }
          ],
          "afterHooks": [
            {
              "title": "\"after each\" hook in \"Search page tests\"",
              "fullTitle": "Search page tests \"after each\" hook in \"Search page tests\"",
              "timedOut": null,
              "duration": 57,
              "state": null,
              "speed": null,
              "pass": false,
              "fail": false,
              "pending": null,
              "context": null,
              "code": "await driver.quit()",
              "err": {},
              "uuid": "55304931-3485-4112-9d37-4c71ba09d71a",
              "parentUUID": null,
              "isHook": true,
              "skipped": false
            }
          ],
          "tests": [
            {
              "title": "Get a list of stays for 2 adults and a given destination",
              "fullTitle": "Search page tests Get a list of stays for 2 adults and a given destination",
              "timedOut": null,
              "duration": 7516,
              "state": "passed",
              "speed": "slow",
              "pass": true,
              "fail": false,
              "pending": false,
              "context": null,
              "code": "await driver.findElement(By.id(':re:')).sendKeys(location)\nawait driver\n  .findElement(By.css('[data-testid=\"date-display-field-start\"]'))\n  .click()\nawait driver.findElement(By.css(`[data-date=\"${checkInDate}\"]`)).click()\nawait driver.findElement(By.css(`[data-date=\"${checkOutDate}\"]`)).click()\nawait driver.findElement(By.css('[type=\"submit\"]')).click()\nconst address = await driver\n  .findElement(By.css('[data-testid=\"address\"]'))\n  .getText()\nconst numberOfGuests = await driver\n  .findElement(By.css('[data-testid=\"price-for-x-nights\"]'))\n  .getText()\nexpect(address === location && numberOfGuests.includes('2 adults')).to.be\n  .true",
              "err": {},
              "uuid": "759c7bef-5579-4729-8a72-d7bf8cfecaa8",
              "parentUUID": null,
              "isHook": false,
              "skipped": false
            },
            {
              "title": "Display message alert for searching stays with undefined destination",
              "fullTitle": "Search page tests Display message alert for searching stays with undefined destination",
              "timedOut": null,
              "duration": 1144,
              "state": "passed",
              "speed": "slow",
              "pass": true,
              "fail": false,
              "pending": false,
              "context": null,
              "code": "await new Promise(resolve => setTimeout(resolve, 1000))\nawait driver.findElement(By.css('[type=\"submit\"]')).click()\nconst alert = await driver.findElement(\n  By.css('[data-testid=\"searchbox-alert\"]')\n)\nexpect(alert).to.exist",
              "err": {},
              "uuid": "4ba02565-ade7-4e2a-b924-e84a5c742b12",
              "parentUUID": null,
              "isHook": false,
              "skipped": false
            },
            {
              "title": "Get a list of stays for 2 adults and a child in a given destination",
              "fullTitle": "Search page tests Get a list of stays for 2 adults and a child in a given destination",
              "timedOut": null,
              "duration": 7309,
              "state": "passed",
              "speed": "slow",
              "pass": true,
              "fail": false,
              "pending": false,
              "context": null,
              "code": "await driver.findElement(By.id(':re:')).sendKeys(location)\nawait driver\n  .findElement(By.css('[data-testid=\"date-display-field-start\"]'))\n  .click()\nawait driver.findElement(By.css(`[data-date=\"${checkInDate}\"]`)).click()\nawait driver.findElement(By.css(`[data-date=\"${checkOutDate}\"]`)).click()\nawait driver\n  .findElement(By.css('[data-testid=\"occupancy-config\"]'))\n  .click()\nconst addChildBtn = await driver\n  .findElement(\n    By.xpath(\n      '//*[@id=\"indexsearch\"]/div[2]/div/form/div[1]/div[3]/div/div/div/div/div[2]/div[2]/button[2]'\n    )\n  )\n  .click()\nawait driver.findElement(By.name('age')).click()\nawait driver.findElement(By.css('[data-key=\"0\"]')).click()\nawait driver.findElement(By.css('[type=\"submit\"]')).click()\nconst address = await driver\n  .findElement(By.css('[data-testid=\"address\"]'))\n  .getText()\nconst numberOfGuests = await driver\n  .findElement(By.css('[data-testid=\"price-for-x-nights\"]'))\n  .getText()\nexpect(\n  address === location && numberOfGuests.includes('2 adults, 1 child')\n).to.be.true",
              "err": {},
              "uuid": "a98a8ed0-adb7-4c36-a947-b9a51a4b84fe",
              "parentUUID": null,
              "isHook": false,
              "skipped": false
            },
            {
              "title": "Get empty list for no available stays",
              "fullTitle": "Search page tests Get empty list for no available stays",
              "timedOut": null,
              "duration": 7803,
              "state": "passed",
              "speed": "slow",
              "pass": true,
              "fail": false,
              "pending": false,
              "context": null,
              "code": "location = 'Našice'\ncheckInDate = '2023-10-28'\ncheckOutDate = '2023-10-29'\nawait driver.findElement(By.id(':re:')).sendKeys(location)\nawait driver\n  .findElement(By.css('[data-testid=\"date-display-field-start\"]'))\n  .click()\nawait driver.findElement(By.css(`[data-date=\"${checkInDate}\"]`)).click()\nawait driver.findElement(By.css(`[data-date=\"${checkOutDate}\"]`)).click()\nconst occupancyBtn = await driver.findElement(\n  By.css('[data-testid=\"occupancy-config\"]')\n)\nawait driver.wait(until.elementIsEnabled(occupancyBtn), timeout).click()\nconst addAdultBtn = await driver.findElement(\n  By.xpath(\n    '//*[@id=\"indexsearch\"]/div[2]/div/form/div[1]/div[3]/div/div/div/div/div[1]/div[2]/button[2]'\n  )\n)\nawait driver.wait(until.elementIsVisible(addAdultBtn), timeout)\nawait driver.wait(until.elementIsEnabled(addAdultBtn), timeout)\nfor (let i = 0; i < 28; i++) {\n  addAdultBtn.click()\n}\nawait driver.findElement(By.css('[type=\"submit\"]')).click()\nawait new Promise(resolve => setTimeout(resolve, 2000))\nconst emptyList = await driver.findElement(\n  By.css('[data-testid=\"properties-list-empty-state\"]')\n)\nexpect(emptyList).to.exist",
              "err": {},
              "uuid": "96db435c-e08c-4764-b99e-16dd555af096",
              "parentUUID": null,
              "isHook": false,
              "skipped": false
            }
          ],
          "suites": [],
          "passes": [
            "759c7bef-5579-4729-8a72-d7bf8cfecaa8",
            "4ba02565-ade7-4e2a-b924-e84a5c742b12",
            "a98a8ed0-adb7-4c36-a947-b9a51a4b84fe",
            "96db435c-e08c-4764-b99e-16dd555af096"
          ],
          "failures": [],
          "pending": [],
          "skipped": [],
          "duration": 23772,
          "root": false,
          "rootEmpty": false,
          "_timeout": null
        },
        {
          "uuid": "0440cd6b-3a05-4e6c-9246-b5b11e10b1a1",
          "title": "Property info page tests",
          "fullFile": "C:\\Users\\KristinaPC\\Stuff\\Booking\\test\\property-info-tests.js",
          "file": "\\test\\property-info-tests.js",
          "beforeHooks": [
            {
              "title": "\"before each\" hook in \"Property info page tests\"",
              "fullTitle": "Property info page tests \"before each\" hook in \"Property info page tests\"",
              "timedOut": null,
              "duration": 1244,
              "state": null,
              "speed": null,
              "pass": false,
              "fail": false,
              "pending": null,
              "context": null,
              "code": "driver = await new Builder().forBrowser('chrome').build()",
              "err": {},
              "uuid": "147acda7-9cd2-4e46-8234-8886a714ec86",
              "parentUUID": null,
              "isHook": true,
              "skipped": false
            }
          ],
          "afterHooks": [
            {
              "title": "\"after each\" hook in \"Property info page tests\"",
              "fullTitle": "Property info page tests \"after each\" hook in \"Property info page tests\"",
              "timedOut": null,
              "duration": 48,
              "state": null,
              "speed": null,
              "pass": false,
              "fail": false,
              "pending": null,
              "context": null,
              "code": "await driver.quit()",
              "err": {},
              "uuid": "d2386fbb-98b1-4d20-afc7-a01f470b4741",
              "parentUUID": null,
              "isHook": true,
              "skipped": false
            }
          ],
          "tests": [
            {
              "title": "Navigate to property info page by image click",
              "fullTitle": "Property info page tests Navigate to property info page by image click",
              "timedOut": null,
              "duration": 17258,
              "state": "passed",
              "speed": "slow",
              "pass": true,
              "fail": false,
              "pending": false,
              "context": null,
              "code": "await driver.get(\n  'https://www.booking.com/searchresults.en-gb.html?ss=Opatija%2C+Croatia&efdco=1&label=gen173nr-1BCAEoggI46AdIM1gEaGWIAQGYAQm4ARfIAQzYAQHoAQGIAgGoAgO4AvfbgakGwAIB0gIkZjRjM2JiMjUtYWE4MS00NTRjLTg2ZmQtMmFhMjVhOTYxYzA22AIF4AIB&sid=2eebc9bec25974dbd4fef18590f5dfd9&aid=304142&lang=en-gb&sb=1&src_elem=sb&src=index&dest_id=-90715&dest_type=city&checkin=2023-11-01&checkout=2023-11-02&group_adults=2&no_rooms=1&sb_travel_purpose=leisure'\n)\nconst cookies = By.id('onetrust-reject-all-handler')\nawait driver.wait(until.elementLocated(cookies), timeout).click()\nconst title = await driver\n  .findElement(By.css('[data-testid=\"title\"]'))\n  .getText()\nawait driver\n  .findElement(\n    By.css('[data-testid=\"property-card-desktop-single-image\"]')\n  )\n  .click()\nconst windowHandles = await driver.getAllWindowHandles()\nconst newWindowHandle = windowHandles[1]\nawait driver.switchTo().window(newWindowHandle)\nconst secondTitle = await driver\n  .findElement(By.className('pp-header__title'))\n  .getText()\nexpect(secondTitle).to.equal(title)",
              "err": {},
              "uuid": "0206fc1c-5a41-4153-bdd7-933618ca6416",
              "parentUUID": null,
              "isHook": false,
              "skipped": false
            },
            {
              "title": "Reserve a stay and go to user details page",
              "fullTitle": "Property info page tests Reserve a stay and go to user details page",
              "timedOut": null,
              "duration": 20098,
              "state": "passed",
              "speed": "slow",
              "pass": true,
              "fail": false,
              "pending": false,
              "context": null,
              "code": "await driver.get(\n  'https://www.booking.com/hotel/hr/bristolhotelopatija.en-gb.html?aid=304142&label=gen173nr-1FCAEoggI46AdIM1gEaGWIAQGYAQm4ARfIAQzYAQHoAQH4AQyIAgGoAgO4AvfbgakGwAIB0gIkZjRjM2JiMjUtYWE4MS00NTRjLTg2ZmQtMmFhMjVhOTYxYzA22AIG4AIB&sid=2eebc9bec25974dbd4fef18590f5dfd9&all_sr_blocks=1971802_95144458_0_34_0;checkin=2023-11-01;checkout=2023-11-02;dest_id=-90715;dest_type=city;dist=0;group_adults=2;group_children=0;hapos=1;highlighted_blocks=1971802_95144458_0_34_0;hpos=1;matching_block_id=1971802_95144458_0_34_0;no_rooms=1;req_adults=2;req_children=0;room1=A%2CA;sb_price_type=total;sr_order=popularity;sr_pri_blocks=1971802_95144458_0_34_0__7817;srepoch=1696698850;srpvid=4381792fe0850169;type=total;ucfs=1&#hotelTmpl'\n)\nconst cookies = By.id('onetrust-reject-all-handler')\nawait driver.wait(until.elementLocated(cookies), timeout).click()\nawait driver.findElement(By.id('hp_book_now_button')).click()\nconst pageTitle = await driver.getTitle()\nlet redirectTitle\nawait new Promise(resolve => setTimeout(resolve, 1000))\nawait driver\n  .findElement(\n    By.css('button[data-tooltip-class=\"submit_holder_button_tooltip\"]')\n  )\n  .click()\nawait driver.wait(async function () {\n  redirectTitle = await driver.getTitle()\n  return redirectTitle !== pageTitle\n}, timeout)\nexpect(redirectTitle).to.equal('Booking.com: Your details')",
              "err": {},
              "uuid": "93d90185-dd07-4a1e-ab94-79dbbb86a199",
              "parentUUID": null,
              "isHook": false,
              "skipped": false
            },
            {
              "title": "Display warning message for attempt to reserve 0 rooms",
              "fullTitle": "Property info page tests Display warning message for attempt to reserve 0 rooms",
              "timedOut": null,
              "duration": 12665,
              "state": "passed",
              "speed": "slow",
              "pass": true,
              "fail": false,
              "pending": false,
              "context": null,
              "code": "await driver.get(\n  'https://www.booking.com/hotel/hr/bristolhotelopatija.en-gb.html?aid=304142&label=gen173nr-1FCAEoggI46AdIM1gEaGWIAQGYAQm4ARfIAQzYAQHoAQH4AQyIAgGoAgO4AvfbgakGwAIB0gIkZjRjM2JiMjUtYWE4MS00NTRjLTg2ZmQtMmFhMjVhOTYxYzA22AIG4AIB&sid=2eebc9bec25974dbd4fef18590f5dfd9&all_sr_blocks=1971802_95144458_0_34_0;checkin=2023-11-01;checkout=2023-11-02;dest_id=-90715;dest_type=city;dist=0;group_adults=2;group_children=0;hapos=1;highlighted_blocks=1971802_95144458_0_34_0;hpos=1;matching_block_id=1971802_95144458_0_34_0;no_rooms=1;req_adults=2;req_children=0;room1=A%2CA;sb_price_type=total;sr_order=popularity;sr_pri_blocks=1971802_95144458_0_34_0__7817;srepoch=1696698850;srpvid=4381792fe0850169;type=total;ucfs=1&#hotelTmpl'\n)\nconst cookies = By.id('onetrust-reject-all-handler')\nawait driver.wait(until.elementLocated(cookies), timeout).click()\nawait driver.findElement(By.id('hp_book_now_button')).click()\nawait new Promise(resolve => setTimeout(resolve, 1000))\nconst roomsSelector = By.css('[data-testid=\"select-room-trigger\"]')\nconst roomsElement = await driver.wait(\n  until.elementLocated(roomsSelector),\n  timeout\n)\nawait driver.wait(until.elementIsVisible(roomsElement), timeout).click()\nawait driver\n  .findElement(\n    By.xpath(\n      '//*[@id=\"hprt_nos_select_1971802_95144458_0_34_0\"]/option[1]'\n    )\n  )\n  .click()\nawait driver.findElement(By.className('js-reservation-button')).click()\nconst alertSelector = By.className('select_room_tooltip_alert_container')\nconst alertElement = await driver.wait(\n  until.elementLocated(alertSelector),\n  timeout\n)\nexpect(alertElement).to.exist",
              "err": {},
              "uuid": "a79b3e70-1f66-48cf-a6ec-0dc40e3876b9",
              "parentUUID": null,
              "isHook": false,
              "skipped": false
            }
          ],
          "suites": [],
          "passes": [
            "0206fc1c-5a41-4153-bdd7-933618ca6416",
            "93d90185-dd07-4a1e-ab94-79dbbb86a199",
            "a79b3e70-1f66-48cf-a6ec-0dc40e3876b9"
          ],
          "failures": [],
          "pending": [],
          "skipped": [],
          "duration": 50021,
          "root": false,
          "rootEmpty": false,
          "_timeout": null
        },
        {
          "uuid": "1a4ce53d-9d85-4c04-a54e-f5e65d6b5f08",
          "title": "User details page tests",
          "fullFile": "C:\\Users\\KristinaPC\\Stuff\\Booking\\test\\user-details-tests.js",
          "file": "\\test\\user-details-tests.js",
          "beforeHooks": [
            {
              "title": "\"before each\" hook in \"User details page tests\"",
              "fullTitle": "User details page tests \"before each\" hook in \"User details page tests\"",
              "timedOut": null,
              "duration": 10518,
              "state": null,
              "speed": null,
              "pass": false,
              "fail": false,
              "pending": null,
              "context": null,
              "code": "driver = await new Builder().forBrowser('chrome').build()\nawait driver.get(\n  'https://secure.booking.com/book.html?hotel_id=19718&aid=304142&label=gen173nr-1FCAEoggI46AdIM1gEaGWIAQGYAQm4ARfIAQzYAQHoAQH4AQyIAgGoAgO4AvfbgakGwAIB0gIkZjRjM2JiMjUtYWE4MS00NTRjLTg2ZmQtMmFhMjVhOTYxYzA22AIG4AIB&sid=2eebc9bec25974dbd4fef18590f5dfd9&room1=A%2CA&error_url=%2Fhotel%2Fhr%2Fbristolhotelopatija.en-gb.html%3Faid%3D304142%26label%3Dgen173nr-1FCAEoggI46AdIM1gEaGWIAQGYAQm4ARfIAQzYAQHoAQH4AQyIAgGoAgO4AvfbgakGwAIB0gIkZjRjM2JiMjUtYWE4MS00NTRjLTg2ZmQtMmFhMjVhOTYxYzA22AIG4AIB%26sid%3D2eebc9bec25974dbd4fef18590f5dfd9%26srpvid%3D4381792fe0850169%26%26&hostname=www.booking.com&stage=1&checkin=2023-11-01&interval=1&children_extrabeds=&srpvid=4381792fe0850169&hp_visits_num=1&rt_pos_selected=1&rt_pos_selected_within_room=1&rt_selected_block_position=1&rt_num_blocks=61&rt_num_rooms=6&rt_num_blocks_per_room=%7B%221971810%22%3A11%2C%221971802%22%3A11%2C%221971809%22%3A11%2C%221971821%22%3A6%2C%221971819%22%3A11%2C%221971820%22%3A11%7D&rt_relevance_metric_id=47fe5e32-83e2-4267-9aea-cdf8fae53289&rt_pageview_id=2f578c48fcab01d8&rt_pos_final=1.1&rt_selected_total_price=78&rt_cheapest_search_price=78&from_source=hotel&nr_rooms_1971802_95144458_0_34_0=1'\n)\nconst cookies = By.id('onetrust-reject-all-handler')\nawait driver.wait(until.elementLocated(cookies), timeout).click()",
              "err": {},
              "uuid": "ed42d1d0-092d-43de-80b4-58705e704b58",
              "parentUUID": null,
              "isHook": true,
              "skipped": false
            }
          ],
          "afterHooks": [
            {
              "title": "\"after each\" hook in \"User details page tests\"",
              "fullTitle": "User details page tests \"after each\" hook in \"User details page tests\"",
              "timedOut": null,
              "duration": 97,
              "state": null,
              "speed": null,
              "pass": false,
              "fail": false,
              "pending": null,
              "context": null,
              "code": "await driver.quit()",
              "err": {},
              "uuid": "81ea3011-6a2c-4cec-a9c9-18aea4a7bd5c",
              "parentUUID": null,
              "isHook": true,
              "skipped": false
            }
          ],
          "tests": [
            {
              "title": "Fill out user details and go to the final page",
              "fullTitle": "User details page tests Fill out user details and go to the final page",
              "timedOut": null,
              "duration": 14462,
              "state": "passed",
              "speed": "slow",
              "pass": true,
              "fail": false,
              "pending": false,
              "context": null,
              "code": "const pageTitle = await driver.getTitle()\nlet redirectTitle\nawait driver.findElement(By.id('firstname')).sendKeys(firstname)\nawait driver.findElement(By.id('lastname')).sendKeys(lastname)\nawait driver.findElement(By.id('email')).sendKeys(email)\nawait driver.findElement(By.id('phone')).sendKeys(phone)\nawait driver.findElement(By.id('checkin_eta_hour')).click()\nawait driver\n  .findElement(By.xpath('//*[@id=\"checkin_eta_hour\"]/option[2]'))\n  .click()\nawait driver.findElement(By.id('checkin_eta_hour')).click()\nawait driver.findElement(By.name('book')).click()\nawait driver.wait(async function () {\n  redirectTitle = await driver.getTitle()\n  return redirectTitle !== pageTitle\n}, 30000)\nexpect(redirectTitle).to.equal('Booking.com: Final Details')",
              "err": {},
              "uuid": "9a7aecd4-0cc3-45be-92f9-20b30f04b8c2",
              "parentUUID": null,
              "isHook": false,
              "skipped": false
            },
            {
              "title": "Display warning message for trying to navigate to final details page with empty user information",
              "fullTitle": "User details page tests Display warning message for trying to navigate to final details page with empty user information",
              "timedOut": null,
              "duration": 1625,
              "state": "passed",
              "speed": "slow",
              "pass": true,
              "fail": false,
              "pending": false,
              "context": null,
              "code": "await new Promise(resolve => setTimeout(resolve, 1000))\nconst bookBtn = await driver.findElement(By.name('book'))\nawait driver.wait(until.elementIsVisible(bookBtn), timeout)\nawait driver.wait(until.elementIsEnabled(bookBtn), timeout).click()\nconst alertElement = await driver.findElement(By.id('validation-errors'))\nawait driver.wait(until.elementIsVisible(alertElement), timeout)\nconst alertText = await alertElement.getText()\nexpect(alertText).to.not.equal('')",
              "err": {},
              "uuid": "3fe7a135-a185-410e-b76f-4983806758ca",
              "parentUUID": null,
              "isHook": false,
              "skipped": false
            },
            {
              "title": "Display warning message for providing too long first name input",
              "fullTitle": "User details page tests Display warning message for providing too long first name input",
              "timedOut": null,
              "duration": 752,
              "state": "passed",
              "speed": "slow",
              "pass": true,
              "fail": false,
              "pending": false,
              "context": null,
              "code": "firstname =\n  'aaaaaaaaaaaaaaaaaaaaaaaaaaaaaaaaaaaaaaaaaaaaaaaaaaaaaaaaaaaaa'\nawait driver.findElement(By.id('firstname')).sendKeys(firstname)\nawait driver.findElement(By.tagName('body')).click()\nconst alertElement = await driver.findElement(\n  By.id('bp_form_firstname_msg')\n)\nawait driver.wait(until.elementIsVisible(alertElement), timeout)\nconst alertText = await alertElement.getText()\nexpect(alertText).to.not.equal('')",
              "err": {},
              "uuid": "6ab697d1-1431-43cc-8017-a4a739bc3abf",
              "parentUUID": null,
              "isHook": false,
              "skipped": false
            },
            {
              "title": "Display warning message for providing too long last name input",
              "fullTitle": "User details page tests Display warning message for providing too long last name input",
              "timedOut": null,
              "duration": 1187,
              "state": "passed",
              "speed": "slow",
              "pass": true,
              "fail": false,
              "pending": false,
              "context": null,
              "code": "lastname = 'aaaaaaaaaaaaaaaaaaaaaaaaaaaaaaaaaaaaaaaaaaaaaaaaaaaaaaaaaaaaa'\nawait driver.findElement(By.id('lastname')).sendKeys(lastname)\nawait driver.findElement(By.tagName('body')).click()\nconst alertElement = await driver.findElement(\n  By.id('bp_form_lastname_msg')\n)\nawait driver.wait(until.elementIsVisible(alertElement), timeout)\nconst alertText = await alertElement.getText()\nexpect(alertText).to.not.equal('')",
              "err": {},
              "uuid": "16dc1dff-3784-4e53-b278-e2462b0d9d4e",
              "parentUUID": null,
              "isHook": false,
              "skipped": false
            },
            {
              "title": "Display warning message for invalid email address",
              "fullTitle": "User details page tests Display warning message for invalid email address",
              "timedOut": null,
              "duration": 338,
              "state": "passed",
              "speed": "slow",
              "pass": true,
              "fail": false,
              "pending": false,
              "context": null,
              "code": "email = 'a'\nawait driver.findElement(By.id('email')).sendKeys(email)\nawait driver.findElement(By.tagName('body')).click()\nconst alertElement = await driver.findElement(By.id('bp_form_email_msg'))\nawait driver.wait(until.elementIsVisible(alertElement), timeout)\nconst alertText = await alertElement.getText()\nexpect(alertText).to.not.equal('')",
              "err": {},
              "uuid": "2e059d15-7875-4b2f-9eeb-002e79c84bbc",
              "parentUUID": null,
              "isHook": false,
              "skipped": false
            },
            {
              "title": "Display warning message for invalid phone input",
              "fullTitle": "User details page tests Display warning message for invalid phone input",
              "timedOut": null,
              "duration": 427,
              "state": "passed",
              "speed": "slow",
              "pass": true,
              "fail": false,
              "pending": false,
              "context": null,
              "code": "phone = '123'\nawait driver.findElement(By.id('phone')).sendKeys(phone)\nawait driver.findElement(By.tagName('body')).click()\nconst alertElement = await driver.findElement(By.id('bp_form_phone_msg'))\nawait driver.wait(until.elementIsVisible(alertElement), timeout)\nconst alertText = await alertElement.getText()\nexpect(alertText).to.not.equal('')",
              "err": {},
              "uuid": "beaf44c8-7516-427f-9eb2-39c9efdee867",
              "parentUUID": null,
              "isHook": false,
              "skipped": false
            },
            {
              "title": "Display warning message for not selecting arrival times",
              "fullTitle": "User details page tests Display warning message for not selecting arrival times",
              "timedOut": null,
              "duration": 12035,
              "state": "failed",
              "speed": null,
              "pass": false,
              "fail": true,
              "pending": false,
              "context": null,
              "code": "firstname = 'John'\nlastname = 'Doe'\nemail = 'john.doe@gmail.com'\nphone = '+385911111111'\nconst pageTitle = await driver.getTitle()\nlet redirectTitle\nawait driver.findElement(By.id('firstname')).sendKeys(firstname)\nawait driver.findElement(By.id('lastname')).sendKeys(lastname)\nawait driver.findElement(By.id('email')).sendKeys(email)\nawait driver.findElement(By.id('phone')).sendKeys(phone)\nawait driver.findElement(By.name('book')).click()\nawait driver.wait(async function () {\n  redirectTitle = await driver.getTitle()\n  return redirectTitle !== pageTitle\n}, 30000)\nexpect(redirectTitle).to.not.equal('Booking.com: Final Details')",
              "err": {
                "message": "AssertionError: expected 'Booking.com: Final Details' to not equal 'Booking.com: Final Details'",
                "estack": "AssertionError: expected 'Booking.com: Final Details' to not equal 'Booking.com: Final Details'\n    at Context.<anonymous> (test\\user-details-tests.js:110:36)\n    at processTicksAndRejections (node:internal/process/task_queues:96:5)",
                "diff": ""
              },
              "uuid": "f22568bd-f443-4473-86e0-469e8b396150",
              "parentUUID": null,
              "isHook": false,
              "skipped": false
            }
          ],
          "suites": [],
          "passes": [
            "9a7aecd4-0cc3-45be-92f9-20b30f04b8c2",
            "3fe7a135-a185-410e-b76f-4983806758ca",
            "6ab697d1-1431-43cc-8017-a4a739bc3abf",
            "16dc1dff-3784-4e53-b278-e2462b0d9d4e",
            "2e059d15-7875-4b2f-9eeb-002e79c84bbc",
            "beaf44c8-7516-427f-9eb2-39c9efdee867"
          ],
          "failures": [
            "f22568bd-f443-4473-86e0-469e8b396150"
          ],
          "pending": [],
          "skipped": [],
          "duration": 30826,
          "root": false,
          "rootEmpty": false,
          "_timeout": null
        }
      ],
      "passes": [],
      "failures": [],
      "pending": [],
      "skipped": [],
      "duration": 0,
      "root": true,
      "rootEmpty": true,
      "_timeout": 2000
    }
  ],
  "meta": {
    "mocha": {
      "version": "10.2.0"
    },
    "mochawesome": {
      "options": {
        "quiet": false,
        "reportFilename": "mochawesome",
        "saveHtml": true,
        "saveJson": true,
        "consoleReporter": "spec",
        "useInlineDiffs": false,
        "code": true
      },
      "version": "7.1.3"
    },
    "marge": {
      "options": null,
      "version": "6.2.0"
    }
  }
}